<?xml version="1.0" encoding="utf-8"?><testsuites name="pytest tests"><testsuite name="pytest" errors="0" failures="0" skipped="0" tests="8" time="0.769" timestamp="2026-02-27T15:15:26.172531+00:00" hostname="agent-env-2ea567ed-edd7-445a-b9ee-ac2280ee2fa8"><testcase classname="backend.tests.test_public_api" name="test_api_root" time="0.260" /><testcase classname="backend.tests.test_public_api" name="test_company_info_structure" time="0.070" /><testcase classname="backend.tests.test_public_api" name="test_news_returns_featured_and_grid_data" time="0.063" /><testcase classname="backend.tests.test_public_api" name="test_appliances_returns_valid_cards" time="0.069" /><testcase classname="backend.tests.test_public_api" name="test_crystals_returns_valid_cards" time="0.061" /><testcase classname="backend.tests.test_public_api" name="test_spare_parts_returns_rows" time="0.076" /><testcase classname="backend.tests.test_public_api" name="test_contact_us_success" time="0.068" /><testcase classname="backend.tests.test_public_api" name="test_contact_us_validation_error" time="0.075" /></testsuite></testsuites>